This is pdfTeX, Version 3.14159265-2.6-1.40.20 (TeX Live 2019/W32TeX) (preloaded format=pdflatex 2019.9.14)  3 OCT 2019 12:14
entering extended mode
 restricted \write18 enabled.
 %&-line parsing enabled.
**chapter3.tex
(./chapter3.tex
LaTeX2e <2018-12-01>
! Undefined control sequence.
l.1 \section
            {平面问题的直角坐标解答}
The control sequence at the end of the top line
of your error message was never \def'ed. If you have
misspelled it (e.g., `\hobx'), type `I' and the correct
spelling (e.g., `I\hbox'). Otherwise just continue,
and I'll forget about whatever was undefined.


! Package inputenc Error: Unicode character 平 (U+5E73)
(inputenc)                not set up for use with LaTeX.

See the inputenc package documentation for explanation.
Type  H <return>  for immediate help.
 ...                                              
                                                  
l.1 \section{平
                面问题的直角坐标解答}
You may provide a definition with
\DeclareUnicodeCharacter 


! Package inputenc Error: Unicode character 面 (U+9762)
(inputenc)                not set up for use with LaTeX.

See the inputenc package documentation for explanation.
Type  H <return>  for immediate help.
 ...                                              
                                                  
l.1 \section{平面
                   问题的直角坐标解答}
You may provide a definition with
\DeclareUnicodeCharacter 


! Package inputenc Error: Unicode character 问 (U+95EE)
(inputenc)                not set up for use with LaTeX.

See the inputenc package documentation for explanation.
Type  H <return>  for immediate help.
 ...                                              
                                                  
l.1 \section{平面问
                      题的直角坐标解答}
You may provide a definition with
\DeclareUnicodeCharacter 


! Package inputenc Error: Unicode character 题 (U+9898)
(inputenc)                not set up for use with LaTeX.

See the inputenc package documentation for explanation.
Type  H <return>  for immediate help.
 ...                                              
                                                  
l.1 \section{平面问题
                         的直角坐标解答}
You may provide a definition with
\DeclareUnicodeCharacter 


! Package inputenc Error: Unicode character 的 (U+7684)
(inputenc)                not set up for use with LaTeX.

See the inputenc package documentation for explanation.
Type  H <return>  for immediate help.
 ...                                              
                                                  
l.1 \section{平面问题的
                            直角坐标解答}
You may provide a definition with
\DeclareUnicodeCharacter 


! Package inputenc Error: Unicode character 直 (U+76F4)
(inputenc)                not set up for use with LaTeX.

See the inputenc package documentation for explanation.
Type  H <return>  for immediate help.
 ...                                              
                                                  
l.1 \section{平面问题的直
                               角坐标解答}
You may provide a definition with
\DeclareUnicodeCharacter 


! Package inputenc Error: Unicode character 角 (U+89D2)
(inputenc)                not set up for use with LaTeX.

See the inputenc package documentation for explanation.
Type  H <return>  for immediate help.
 ...                                              
                                                  
l.1 \section{平面问题的直角
                                  坐标解答}
You may provide a definition with
\DeclareUnicodeCharacter 


! Package inputenc Error: Unicode character 坐 (U+5750)
(inputenc)                not set up for use with LaTeX.

See the inputenc package documentation for explanation.
Type  H <return>  for immediate help.
 ...                                              
                                                  
l.1 \section{平面问题的直角坐
                                     标解答}
You may provide a definition with
\DeclareUnicodeCharacter 


! Package inputenc Error: Unicode character 标 (U+6807)
(inputenc)                not set up for use with LaTeX.

See the inputenc package documentation for explanation.
Type  H <return>  for immediate help.
 ...                                              
                                                  
l.1 \section{平面问题的直角坐标
                                        解答}
You may provide a definition with
\DeclareUnicodeCharacter 


! Package inputenc Error: Unicode character 解 (U+89E3)
(inputenc)                not set up for use with LaTeX.

See the inputenc package documentation for explanation.
Type  H <return>  for immediate help.
 ...                                              
                                                  
l.1 \section{平面问题的直角坐标解
                                           答}
You may provide a definition with
\DeclareUnicodeCharacter 


! Package inputenc Error: Unicode character 答 (U+7B54)
(inputenc)                not set up for use with LaTeX.

See the inputenc package documentation for explanation.
Type  H <return>  for immediate help.
 ...                                              
                                                  
l.1 \section{平面问题的直角坐标解答
                                              }
You may provide a definition with
\DeclareUnicodeCharacter 

! Undefined control sequence.
l.2 \subsection
               {逆解法}
The control sequence at the end of the top line
of your error message was never \def'ed. If you have
misspelled it (e.g., `\hobx'), type `I' and the correct
spelling (e.g., `I\hbox'). Otherwise just continue,
and I'll forget about whatever was undefined.


! Package inputenc Error: Unicode character 逆 (U+9006)
(inputenc)                not set up for use with LaTeX.

See the inputenc package documentation for explanation.
Type  H <return>  for immediate help.
 ...                                              
                                                  
l.2 \subsection{逆
                   解法}
You may provide a definition with
\DeclareUnicodeCharacter 


! Package inputenc Error: Unicode character 解 (U+89E3)
(inputenc)                not set up for use with LaTeX.

See the inputenc package documentation for explanation.
Type  H <return>  for immediate help.
 ...                                              
                                                  
l.2 \subsection{逆解
                      法}
You may provide a definition with
\DeclareUnicodeCharacter 


! Package inputenc Error: Unicode character 法 (U+6CD5)
(inputenc)                not set up for use with LaTeX.

See the inputenc package documentation for explanation.
Type  H <return>  for immediate help.
 ...                                              
                                                  
l.2 \subsection{逆解法
                         }
You may provide a definition with
\DeclareUnicodeCharacter 

! Undefined control sequence.
l.3 \subsubsection
                  {含义}
The control sequence at the end of the top line
of your error message was never \def'ed. If you have
misspelled it (e.g., `\hobx'), type `I' and the correct
spelling (e.g., `I\hbox'). Otherwise just continue,
and I'll forget about whatever was undefined.


! Package inputenc Error: Unicode character 含 (U+542B)
(inputenc)                not set up for use with LaTeX.

See the inputenc package documentation for explanation.
Type  H <return>  for immediate help.
 ...                                              
                                                  
l.3 \subsubsection{含
                      义}
You may provide a definition with
\DeclareUnicodeCharacter 


! Package inputenc Error: Unicode character 义 (U+4E49)
(inputenc)                not set up for use with LaTeX.

See the inputenc package documentation for explanation.
Type  H <return>  for immediate help.
 ...                                              
                                                  
l.3 \subsubsection{含义
                         }
You may provide a definition with
\DeclareUnicodeCharacter 

)
! Emergency stop.
<*> chapter3.tex
                
*** (job aborted, no legal \end found)

 
Here is how much of TeX's memory you used:
 20 strings out of 492623
 228 string characters out of 6133290
 57546 words of memory out of 5000000
 4033 multiletter control sequences out of 15000+600000
 3640 words of font info for 14 fonts, out of 8000000 for 9000
 1141 hyphenation exceptions out of 8191
 11i,0n,11p,65b,27s stack positions out of 5000i,500n,10000p,200000b,80000s
!  ==> Fatal error occurred, no output PDF file produced!
