\BOOKMARK [1][-]{section.1}{\376\377\176\352\213\272}{}% 1
\BOOKMARK [2][-]{subsection.1.1}{\376\377\137\071\140\047\122\233\133\146\121\205\133\271}{section.1}% 2
\BOOKMARK [2][-]{subsection.1.2}{\376\377\121\340\116\052\127\372\147\054\151\202\137\365}{section.1}% 3
\BOOKMARK [2][-]{subsection.1.3}{\376\377\127\372\147\054\120\107\133\232}{section.1}% 4
\BOOKMARK [1][-]{section.2}{\376\377\136\163\227\142\225\356\230\230\166\204\127\372\147\054\164\006\213\272}{}% 5
\BOOKMARK [2][-]{subsection.2.1}{\376\377\116\044\174\173\225\356\230\230}{section.2}% 6
\BOOKMARK [2][-]{subsection.2.2}{\376\377\136\163\210\141\145\271\172\013}{section.2}% 7
\BOOKMARK [2][-]{subsection.2.3}{\376\377\121\340\117\125\145\271\172\013}{section.2}% 8
\BOOKMARK [2][-]{subsection.2.4}{\376\377\162\151\164\006\145\271\172\013\377\010\147\054\147\204\121\163\174\373\377\011}{section.2}% 9
\BOOKMARK [2][-]{subsection.2.5}{\376\377\217\271\165\114\147\141\116\366}{section.2}% 10
\BOOKMARK [2][-]{subsection.2.6}{\376\377\143\011\117\115\171\373\154\102\211\343}{section.2}% 11
\BOOKMARK [2][-]{subsection.2.7}{\376\377\166\370\133\271\145\271\172\013}{section.2}% 12
\BOOKMARK [2][-]{subsection.2.8}{\376\377\136\224\122\233\121\375\145\160}{section.2}% 13
\BOOKMARK [2][-]{subsection.2.9}{\376\377\127\043\176\364\123\127\123\237\164\006}{section.2}% 14
\BOOKMARK [1][-]{section.3}{\376\377\136\163\227\142\225\356\230\230\166\204\166\364\211\322\127\120\150\007\211\343\173\124}{}% 15
\BOOKMARK [2][-]{subsection.3.1}{\376\377\220\006\211\343\154\325}{section.3}% 16
\BOOKMARK [3][-]{subsubsection.3.1.1}{\376\377\124\053\116\111}{subsection.3.1}% 17
\BOOKMARK [3][-]{subsubsection.3.1.2}{\376\377\153\145\232\244}{subsection.3.1}% 18
\BOOKMARK [3][-]{subsubsection.3.1.3}{\376\377\125\057\116\000\140\047\133\232\164\006}{subsection.3.1}% 19
\BOOKMARK [3][-]{subsubsection.3.1.4}{\376\377\131\032\230\171\137\017\211\343\173\124}{subsection.3.1}% 20
\BOOKMARK [2][-]{subsection.3.2}{\376\377\167\351\137\142\150\201\166\204\176\257\137\057\146\362}{section.3}% 21
\BOOKMARK [2][-]{subsection.3.3}{\376\377\117\115\171\373\122\006\221\317\166\204\154\102\121\372}{section.3}% 22
\BOOKMARK [2][-]{subsection.3.4}{\376\377\123\112\220\006\211\343\154\325}{section.3}% 23
\BOOKMARK [1][-]{section.4}{\376\377\136\163\227\142\225\356\230\230\166\204\147\201\127\120\150\007\211\343\173\124}{}% 24
\BOOKMARK [2][-]{subsection.4.1}{\376\377\147\201\127\120\150\007\116\055\166\204\136\163\210\141\137\256\122\006\145\271\172\013}{section.4}% 25
\BOOKMARK [3][-]{subsubsection.4.1.1}{\376\377\147\201\127\120\150\007\116\055\166\204\136\163\210\141\137\256\122\006\145\271\172\013}{subsection.4.1}% 26
\BOOKMARK [2][-]{subsection.4.2}{\376\377\147\201\127\120\150\007\116\055\166\204\121\340\117\125\145\271\172\013\124\214\162\151\164\006\145\271\172\013}{section.4}% 27
\BOOKMARK [3][-]{subsubsection.4.2.1}{\376\377\147\201\127\120\150\007\116\055\166\204\121\340\117\125\145\271\172\013}{subsection.4.2}% 28
\BOOKMARK [3][-]{subsubsection.4.2.2}{\376\377\147\201\127\120\150\007\116\055\166\204\162\151\164\006\145\271\172\013}{subsection.4.2}% 29
\BOOKMARK [2][-]{subsection.4.3}{\376\377\127\120\150\007\123\330\143\142}{section.4}% 30
\BOOKMARK [3][-]{subsubsection.4.3.1}{\376\377\117\115\171\373\122\006\221\317\166\204\127\120\150\007\123\330\143\142}{subsection.4.3}% 31
\BOOKMARK [3][-]{subsubsection.4.3.2}{\376\377\136\224\122\233\122\006\221\317\166\204\127\120\150\007\123\330\143\142}{subsection.4.3}% 32
\BOOKMARK [2][-]{subsection.4.4}{\376\377\147\201\127\120\150\007\116\055\166\204\136\224\122\233\121\375\145\160\116\016\166\370\133\271\145\271\172\013}{section.4}% 33
\BOOKMARK [3][-]{subsubsection.4.4.1}{\376\377\166\370\133\271\145\271\172\013}{subsection.4.4}% 34
\BOOKMARK [2][-]{subsection.4.5}{\376\377\217\164\133\371\171\360\136\224\122\233\124\214\166\370\133\271\166\204\117\115\171\373}{section.4}% 35
\BOOKMARK [2][-]{subsection.4.6}{\376\377\127\006\163\257\142\026\127\006\173\122\123\327\127\107\136\003\123\213\122\233}{section.4}% 36
\BOOKMARK [2][-]{subsection.4.7}{\376\377\123\213\122\233\226\247\155\036}{section.4}% 37
\BOOKMARK [2][-]{subsection.4.8}{\376\377\146\362\150\201\166\204\176\257\137\057\146\362}{section.4}% 38
\BOOKMARK [3][-]{subsubsection.4.8.1}{\376\377\225\356\230\230\123\312\121\166\143\317\217\360}{subsection.4.8}% 39
\BOOKMARK [2][-]{subsection.4.9}{\376\377\127\006\133\124\166\204\133\124\123\343\136\224\122\233\226\306\116\055}{section.4}% 40
\BOOKMARK [2][-]{subsection.4.10}{\376\377\151\124\137\142\117\123\225\356\230\230\000-\123\327\226\306\116\055\122\233\000F\117\134\165\050}{section.4}% 41
